{"/Users/jonnycheetham/Documents/projects/dc-extension-seo-meta-tags/src/components/GenerateButton/generateValue.ts": {"path":"/Users/jonnycheetham/Documents/projects/dc-extension-seo-meta-tags/src/components/GenerateButton/generateValue.ts","all":false,"statementMap":{"0":{"start":{"line":1,"column":0},"end":{"line":1,"column":63}},"1":{"start":{"line":2,"column":0},"end":{"line":2,"column":50}},"2":{"start":{"line":3,"column":0},"end":{"line":3,"column":36}},"3":{"start":{"line":4,"column":0},"end":{"line":4,"column":0}},"4":{"start":{"line":5,"column":0},"end":{"line":5,"column":36}},"5":{"start":{"line":6,"column":0},"end":{"line":6,"column":28}},"6":{"start":{"line":7,"column":0},"end":{"line":7,"column":30}},"7":{"start":{"line":8,"column":0},"end":{"line":8,"column":34}},"8":{"start":{"line":9,"column":0},"end":{"line":9,"column":0}},"9":{"start":{"line":10,"column":0},"end":{"line":10,"column":28}},"10":{"start":{"line":11,"column":0},"end":{"line":11,"column":16}},"11":{"start":{"line":12,"column":0},"end":{"line":12,"column":3}},"12":{"start":{"line":13,"column":0},"end":{"line":13,"column":0}},"13":{"start":{"line":14,"column":0},"end":{"line":14,"column":39}},"14":{"start":{"line":15,"column":0},"end":{"line":15,"column":33}},"15":{"start":{"line":16,"column":0},"end":{"line":16,"column":35}},"16":{"start":{"line":17,"column":0},"end":{"line":17,"column":0}},"17":{"start":{"line":18,"column":0},"end":{"line":18,"column":14}},"18":{"start":{"line":19,"column":0},"end":{"line":19,"column":2}}},"s":{"0":1,"1":1,"2":1,"3":1,"4":1,"5":3,"6":3,"7":3,"8":3,"9":3,"10":1,"11":1,"12":2,"13":2,"14":2,"15":2,"16":2,"17":2,"18":2},"branchMap":{"0":{"type":"branch","line":5,"loc":{"start":{"line":5,"column":29},"end":{"line":19,"column":2}},"locations":[{"start":{"line":5,"column":29},"end":{"line":19,"column":2}}]},"1":{"type":"branch","line":10,"loc":{"start":{"line":10,"column":27},"end":{"line":12,"column":3}},"locations":[{"start":{"line":10,"column":27},"end":{"line":12,"column":3}}]},"2":{"type":"branch","line":13,"loc":{"start":{"line":13,"column":-1},"end":{"line":19,"column":2}},"locations":[{"start":{"line":13,"column":-1},"end":{"line":19,"column":2}}]},"3":{"type":"branch","line":16,"loc":{"start":{"line":16,"column":11},"end":{"line":16,"column":33}},"locations":[{"start":{"line":16,"column":11},"end":{"line":16,"column":33}}]}},"b":{"0":[3],"1":[1],"2":[2],"3":[1]},"fnMap":{"0":{"name":"generateValue","decl":{"start":{"line":5,"column":29},"end":{"line":19,"column":2}},"loc":{"start":{"line":5,"column":29},"end":{"line":19,"column":2}},"line":5}},"f":{"0":3}}
,"/Users/jonnycheetham/Documents/projects/dc-extension-seo-meta-tags/src/components/GenerateButton/getText.ts": {"path":"/Users/jonnycheetham/Documents/projects/dc-extension-seo-meta-tags/src/components/GenerateButton/getText.ts","all":false,"statementMap":{"0":{"start":{"line":1,"column":0},"end":{"line":1,"column":35}},"1":{"start":{"line":2,"column":0},"end":{"line":2,"column":38}},"2":{"start":{"line":3,"column":0},"end":{"line":3,"column":63}},"3":{"start":{"line":4,"column":0},"end":{"line":4,"column":0}},"4":{"start":{"line":5,"column":0},"end":{"line":5,"column":62}},"5":{"start":{"line":6,"column":0},"end":{"line":6,"column":37}},"6":{"start":{"line":7,"column":0},"end":{"line":7,"column":59}},"7":{"start":{"line":8,"column":0},"end":{"line":8,"column":0}},"8":{"start":{"line":9,"column":0},"end":{"line":9,"column":16}},"9":{"start":{"line":10,"column":0},"end":{"line":10,"column":22}},"10":{"start":{"line":11,"column":0},"end":{"line":11,"column":11}},"11":{"start":{"line":12,"column":0},"end":{"line":12,"column":41}},"12":{"start":{"line":13,"column":0},"end":{"line":13,"column":19}},"13":{"start":{"line":14,"column":0},"end":{"line":14,"column":18}},"14":{"start":{"line":15,"column":0},"end":{"line":15,"column":7}},"15":{"start":{"line":16,"column":0},"end":{"line":16,"column":6}},"16":{"start":{"line":17,"column":0},"end":{"line":17,"column":16}},"17":{"start":{"line":18,"column":0},"end":{"line":18,"column":2}}},"s":{"0":1,"1":1,"2":1,"3":1,"4":1,"5":6,"6":6,"7":6,"8":6,"9":6,"10":8,"11":8,"12":8,"13":3,"14":3,"15":6,"16":6,"17":6},"branchMap":{"0":{"type":"branch","line":5,"loc":{"start":{"line":5,"column":23},"end":{"line":18,"column":2}},"locations":[{"start":{"line":5,"column":23},"end":{"line":18,"column":2}}]},"1":{"type":"branch","line":7,"loc":{"start":{"line":7,"column":47},"end":{"line":7,"column":57}},"locations":[{"start":{"line":7,"column":47},"end":{"line":7,"column":57}}]},"2":{"type":"branch","line":10,"loc":{"start":{"line":10,"column":9},"end":{"line":16,"column":5}},"locations":[{"start":{"line":10,"column":9},"end":{"line":16,"column":5}}]},"3":{"type":"branch","line":13,"loc":{"start":{"line":13,"column":8},"end":{"line":15,"column":7}},"locations":[{"start":{"line":13,"column":8},"end":{"line":15,"column":7}}]}},"b":{"0":[6],"1":[1],"2":[8],"3":[3]},"fnMap":{"0":{"name":"getText","decl":{"start":{"line":5,"column":23},"end":{"line":18,"column":2}},"loc":{"start":{"line":5,"column":23},"end":{"line":18,"column":2}},"line":5}},"f":{"0":6}}
,"/Users/jonnycheetham/Documents/projects/dc-extension-seo-meta-tags/src/components/GenerateButton/hasContent.ts": {"path":"/Users/jonnycheetham/Documents/projects/dc-extension-seo-meta-tags/src/components/GenerateButton/hasContent.ts","all":false,"statementMap":{"0":{"start":{"line":1,"column":0},"end":{"line":1,"column":63}},"1":{"start":{"line":2,"column":0},"end":{"line":2,"column":35}},"2":{"start":{"line":3,"column":0},"end":{"line":3,"column":38}},"3":{"start":{"line":4,"column":0},"end":{"line":4,"column":0}},"4":{"start":{"line":5,"column":0},"end":{"line":5,"column":27}},"5":{"start":{"line":6,"column":0},"end":{"line":6,"column":29}},"6":{"start":{"line":7,"column":0},"end":{"line":7,"column":31}},"7":{"start":{"line":8,"column":0},"end":{"line":8,"column":6}},"8":{"start":{"line":9,"column":0},"end":{"line":9,"column":37}},"9":{"start":{"line":10,"column":0},"end":{"line":10,"column":0}},"10":{"start":{"line":11,"column":0},"end":{"line":11,"column":61}},"11":{"start":{"line":12,"column":0},"end":{"line":12,"column":2}}},"s":{"0":1,"1":1,"2":1,"3":1,"4":1,"5":2,"6":2,"7":2,"8":2,"9":2,"10":2,"11":2},"branchMap":{"0":{"type":"branch","line":5,"loc":{"start":{"line":5,"column":26},"end":{"line":12,"column":2}},"locations":[{"start":{"line":5,"column":26},"end":{"line":12,"column":2}}]},"1":{"type":"branch","line":11,"loc":{"start":{"line":11,"column":22},"end":{"line":11,"column":59}},"locations":[{"start":{"line":11,"column":22},"end":{"line":11,"column":59}}]}},"b":{"0":[2],"1":[4]},"fnMap":{"0":{"name":"hasContent","decl":{"start":{"line":5,"column":26},"end":{"line":12,"column":2}},"loc":{"start":{"line":5,"column":26},"end":{"line":12,"column":2}},"line":5}},"f":{"0":2}}
,"/Users/jonnycheetham/Documents/projects/dc-extension-seo-meta-tags/src/components/seoMetaTags/getDescription.ts": {"path":"/Users/jonnycheetham/Documents/projects/dc-extension-seo-meta-tags/src/components/seoMetaTags/getDescription.ts","all":false,"statementMap":{"0":{"start":{"line":1,"column":0},"end":{"line":1,"column":58}},"1":{"start":{"line":2,"column":0},"end":{"line":2,"column":52}},"2":{"start":{"line":3,"column":0},"end":{"line":3,"column":0}},"3":{"start":{"line":4,"column":0},"end":{"line":4,"column":63}},"4":{"start":{"line":5,"column":0},"end":{"line":5,"column":34}},"5":{"start":{"line":6,"column":0},"end":{"line":6,"column":0}},"6":{"start":{"line":7,"column":0},"end":{"line":7,"column":79}},"7":{"start":{"line":8,"column":0},"end":{"line":8,"column":2}}},"s":{"0":1,"1":1,"2":1,"3":1,"4":2,"5":2,"6":2,"7":2},"branchMap":{"0":{"type":"branch","line":4,"loc":{"start":{"line":4,"column":30},"end":{"line":8,"column":2}},"locations":[{"start":{"line":4,"column":30},"end":{"line":8,"column":2}}]}},"b":{"0":[2]},"fnMap":{"0":{"name":"getDescription","decl":{"start":{"line":4,"column":30},"end":{"line":8,"column":2}},"loc":{"start":{"line":4,"column":30},"end":{"line":8,"column":2}},"line":4}},"f":{"0":2}}
,"/Users/jonnycheetham/Documents/projects/dc-extension-seo-meta-tags/src/components/seoMetaTags/getTitle.ts": {"path":"/Users/jonnycheetham/Documents/projects/dc-extension-seo-meta-tags/src/components/seoMetaTags/getTitle.ts","all":false,"statementMap":{"0":{"start":{"line":1,"column":0},"end":{"line":1,"column":58}},"1":{"start":{"line":2,"column":0},"end":{"line":2,"column":52}},"2":{"start":{"line":3,"column":0},"end":{"line":3,"column":43}},"3":{"start":{"line":4,"column":0},"end":{"line":4,"column":0}},"4":{"start":{"line":5,"column":0},"end":{"line":5,"column":57}},"5":{"start":{"line":6,"column":0},"end":{"line":6,"column":34}},"6":{"start":{"line":7,"column":0},"end":{"line":7,"column":0}},"7":{"start":{"line":8,"column":0},"end":{"line":8,"column":52}},"8":{"start":{"line":9,"column":0},"end":{"line":9,"column":2}}},"s":{"0":1,"1":1,"2":1,"3":1,"4":1,"5":2,"6":2,"7":2,"8":2},"branchMap":{"0":{"type":"branch","line":5,"loc":{"start":{"line":5,"column":24},"end":{"line":9,"column":2}},"locations":[{"start":{"line":5,"column":24},"end":{"line":9,"column":2}}]},"1":{"type":"branch","line":8,"loc":{"start":{"line":8,"column":31},"end":{"line":8,"column":51}},"locations":[{"start":{"line":8,"column":31},"end":{"line":8,"column":51}}]}},"b":{"0":[2],"1":[1]},"fnMap":{"0":{"name":"getTitle","decl":{"start":{"line":5,"column":24},"end":{"line":9,"column":2}},"loc":{"start":{"line":5,"column":24},"end":{"line":9,"column":2}},"line":5}},"f":{"0":2}}
,"/Users/jonnycheetham/Documents/projects/dc-extension-seo-meta-tags/src/lib/constants.ts": {"path":"/Users/jonnycheetham/Documents/projects/dc-extension-seo-meta-tags/src/lib/constants.ts","all":false,"statementMap":{"0":{"start":{"line":1,"column":0},"end":{"line":1,"column":23}},"1":{"start":{"line":2,"column":0},"end":{"line":2,"column":52}},"2":{"start":{"line":3,"column":0},"end":{"line":3,"column":2}}},"s":{"0":1,"1":1,"2":1},"branchMap":{},"b":{},"fnMap":{},"f":{}}
,"/Users/jonnycheetham/Documents/projects/dc-extension-seo-meta-tags/src/lib/index.ts": {"path":"/Users/jonnycheetham/Documents/projects/dc-extension-seo-meta-tags/src/lib/index.ts","all":false,"statementMap":{"0":{"start":{"line":1,"column":0},"end":{"line":1,"column":28}},"1":{"start":{"line":2,"column":0},"end":{"line":2,"column":25}},"2":{"start":{"line":3,"column":0},"end":{"line":3,"column":22}},"3":{"start":{"line":4,"column":0},"end":{"line":4,"column":25}}},"s":{"0":1,"1":1,"2":1,"3":1},"branchMap":{},"b":{},"fnMap":{},"f":{}}
,"/Users/jonnycheetham/Documents/projects/dc-extension-seo-meta-tags/src/lib/events/index.ts": {"path":"/Users/jonnycheetham/Documents/projects/dc-extension-seo-meta-tags/src/lib/events/index.ts","all":false,"statementMap":{"0":{"start":{"line":1,"column":0},"end":{"line":1,"column":40}}},"s":{"0":1},"branchMap":{"0":{"type":"branch","line":1,"loc":{"start":{"line":1,"column":9},"end":{"line":1,"column":40}},"locations":[{"start":{"line":1,"column":9},"end":{"line":1,"column":40}}]}},"b":{"0":[1]},"fnMap":{"0":{"name":"get","decl":{"start":{"line":1,"column":9},"end":{"line":1,"column":40}},"loc":{"start":{"line":1,"column":9},"end":{"line":1,"column":40}},"line":1}},"f":{"0":1}}
,"/Users/jonnycheetham/Documents/projects/dc-extension-seo-meta-tags/src/lib/events/withValue.ts": {"path":"/Users/jonnycheetham/Documents/projects/dc-extension-seo-meta-tags/src/lib/events/withValue.ts","all":false,"statementMap":{"0":{"start":{"line":1,"column":0},"end":{"line":1,"column":3}},"1":{"start":{"line":2,"column":0},"end":{"line":2,"column":50}},"2":{"start":{"line":3,"column":0},"end":{"line":3,"column":30}},"3":{"start":{"line":4,"column":0},"end":{"line":4,"column":11}},"4":{"start":{"line":5,"column":0},"end":{"line":5,"column":3}},"5":{"start":{"line":6,"column":0},"end":{"line":6,"column":24}},"6":{"start":{"line":7,"column":0},"end":{"line":7,"column":33}},"7":{"start":{"line":8,"column":0},"end":{"line":8,"column":56}},"8":{"start":{"line":9,"column":0},"end":{"line":9,"column":14}},"9":{"start":{"line":10,"column":0},"end":{"line":10,"column":4}}},"s":{"0":1,"1":1,"2":1,"3":1,"4":1,"5":1,"6":1,"7":1,"8":1,"9":1},"branchMap":{"0":{"type":"branch","line":7,"loc":{"start":{"line":7,"column":2},"end":{"line":10,"column":4}},"locations":[{"start":{"line":7,"column":2},"end":{"line":10,"column":4}}]},"1":{"type":"branch","line":8,"loc":{"start":{"line":8,"column":2},"end":{"line":10,"column":4}},"locations":[{"start":{"line":8,"column":2},"end":{"line":10,"column":4}}]}},"b":{"0":[1],"1":[1]},"fnMap":{"0":{"name":"withValue","decl":{"start":{"line":7,"column":2},"end":{"line":10,"column":4}},"loc":{"start":{"line":7,"column":2},"end":{"line":10,"column":4}},"line":7}},"f":{"0":1}}
,"/Users/jonnycheetham/Documents/projects/dc-extension-seo-meta-tags/src/lib/sdk/getParams.ts": {"path":"/Users/jonnycheetham/Documents/projects/dc-extension-seo-meta-tags/src/lib/sdk/getParams.ts","all":false,"statementMap":{"0":{"start":{"line":1,"column":0},"end":{"line":1,"column":58}},"1":{"start":{"line":2,"column":0},"end":{"line":2,"column":0}},"2":{"start":{"line":3,"column":0},"end":{"line":3,"column":15}},"3":{"start":{"line":4,"column":0},"end":{"line":4,"column":32}},"4":{"start":{"line":5,"column":0},"end":{"line":5,"column":20}},"5":{"start":{"line":6,"column":0},"end":{"line":6,"column":2}},"6":{"start":{"line":7,"column":0},"end":{"line":7,"column":0}},"7":{"start":{"line":8,"column":0},"end":{"line":8,"column":3}},"8":{"start":{"line":9,"column":0},"end":{"line":9,"column":81}},"9":{"start":{"line":10,"column":0},"end":{"line":10,"column":36}},"10":{"start":{"line":11,"column":0},"end":{"line":11,"column":11}},"11":{"start":{"line":12,"column":0},"end":{"line":12,"column":3}},"12":{"start":{"line":13,"column":0},"end":{"line":13,"column":64}},"13":{"start":{"line":14,"column":0},"end":{"line":14,"column":4}},"14":{"start":{"line":15,"column":0},"end":{"line":15,"column":31}},"15":{"start":{"line":16,"column":0},"end":{"line":16,"column":27}},"16":{"start":{"line":17,"column":0},"end":{"line":17,"column":15}}},"s":{"0":1,"1":1,"2":1,"3":1,"4":1,"5":1,"6":1,"7":1,"8":1,"9":1,"10":1,"11":1,"12":1,"13":14,"14":14,"15":14,"16":14},"branchMap":{"0":{"type":"branch","line":13,"loc":{"start":{"line":13,"column":25},"end":{"line":17,"column":15}},"locations":[{"start":{"line":13,"column":25},"end":{"line":17,"column":15}}]}},"b":{"0":[14]},"fnMap":{"0":{"name":"getParams","decl":{"start":{"line":13,"column":25},"end":{"line":17,"column":15}},"loc":{"start":{"line":13,"column":25},"end":{"line":17,"column":15}},"line":13}},"f":{"0":14}}
,"/Users/jonnycheetham/Documents/projects/dc-extension-seo-meta-tags/src/lib/sdk/index.ts": {"path":"/Users/jonnycheetham/Documents/projects/dc-extension-seo-meta-tags/src/lib/sdk/index.ts","all":false,"statementMap":{"0":{"start":{"line":1,"column":0},"end":{"line":1,"column":40}}},"s":{"0":1},"branchMap":{"0":{"type":"branch","line":1,"loc":{"start":{"line":1,"column":9},"end":{"line":1,"column":40}},"locations":[{"start":{"line":1,"column":9},"end":{"line":1,"column":40}}]}},"b":{"0":[10]},"fnMap":{"0":{"name":"get","decl":{"start":{"line":1,"column":9},"end":{"line":1,"column":40}},"loc":{"start":{"line":1,"column":9},"end":{"line":1,"column":40}},"line":1}},"f":{"0":10}}
,"/Users/jonnycheetham/Documents/projects/dc-extension-seo-meta-tags/src/lib/string/index.ts": {"path":"/Users/jonnycheetham/Documents/projects/dc-extension-seo-meta-tags/src/lib/string/index.ts","all":false,"statementMap":{"0":{"start":{"line":1,"column":0},"end":{"line":1,"column":48}}},"s":{"0":1},"branchMap":{"0":{"type":"branch","line":1,"loc":{"start":{"line":1,"column":9},"end":{"line":1,"column":48}},"locations":[{"start":{"line":1,"column":9},"end":{"line":1,"column":48}}]}},"b":{"0":[6]},"fnMap":{"0":{"name":"get","decl":{"start":{"line":1,"column":9},"end":{"line":1,"column":48}},"loc":{"start":{"line":1,"column":9},"end":{"line":1,"column":48}},"line":1}},"f":{"0":6}}
,"/Users/jonnycheetham/Documents/projects/dc-extension-seo-meta-tags/src/lib/string/isEmptyString.ts": {"path":"/Users/jonnycheetham/Documents/projects/dc-extension-seo-meta-tags/src/lib/string/isEmptyString.ts","all":false,"statementMap":{"0":{"start":{"line":1,"column":0},"end":{"line":1,"column":3}},"1":{"start":{"line":2,"column":0},"end":{"line":2,"column":44}},"2":{"start":{"line":3,"column":0},"end":{"line":3,"column":33}},"3":{"start":{"line":4,"column":0},"end":{"line":4,"column":11}},"4":{"start":{"line":5,"column":0},"end":{"line":5,"column":3}},"5":{"start":{"line":6,"column":0},"end":{"line":6,"column":69}}},"s":{"0":1,"1":1,"2":1,"3":1,"4":1,"5":1},"branchMap":{"0":{"type":"branch","line":6,"loc":{"start":{"line":6,"column":29},"end":{"line":6,"column":68}},"locations":[{"start":{"line":6,"column":29},"end":{"line":6,"column":68}}]}},"b":{"0":[6]},"fnMap":{"0":{"name":"isEmptyString","decl":{"start":{"line":6,"column":29},"end":{"line":6,"column":68}},"loc":{"start":{"line":6,"column":29},"end":{"line":6,"column":68}},"line":6}},"f":{"0":6}}
}
