{"/Users/jonnycheetham/Documents/projects/dc-extension-seo-meta-tags/src/components/SparklesIcon.tsx": {"path":"/Users/jonnycheetham/Documents/projects/dc-extension-seo-meta-tags/src/components/SparklesIcon.tsx","all":false,"statementMap":{"0":{"start":{"line":1,"column":0},"end":{"line":1,"column":40}},"1":{"start":{"line":2,"column":0},"end":{"line":2,"column":0}},"2":{"start":{"line":3,"column":0},"end":{"line":3,"column":64}},"3":{"start":{"line":4,"column":0},"end":{"line":4,"column":10}},"4":{"start":{"line":5,"column":0},"end":{"line":5,"column":13}},"5":{"start":{"line":6,"column":0},"end":{"line":6,"column":10}},"6":{"start":{"line":7,"column":0},"end":{"line":7,"column":26}},"7":{"start":{"line":8,"column":0},"end":{"line":8,"column":42}},"8":{"start":{"line":9,"column":0},"end":{"line":9,"column":18}},"9":{"start":{"line":10,"column":0},"end":{"line":10,"column":19}},"10":{"start":{"line":11,"column":0},"end":{"line":11,"column":19}},"11":{"start":{"line":12,"column":0},"end":{"line":12,"column":39}},"12":{"start":{"line":13,"column":0},"end":{"line":13,"column":16}},"13":{"start":{"line":14,"column":0},"end":{"line":14,"column":56}},"14":{"start":{"line":15,"column":0},"end":{"line":15,"column":27}},"15":{"start":{"line":16,"column":0},"end":{"line":16,"column":10}},"16":{"start":{"line":17,"column":0},"end":{"line":17,"column":7}},"17":{"start":{"line":18,"column":0},"end":{"line":18,"column":13}},"18":{"start":{"line":19,"column":0},"end":{"line":19,"column":29}},"19":{"start":{"line":20,"column":0},"end":{"line":20,"column":967}},"20":{"start":{"line":21,"column":0},"end":{"line":21,"column":10}},"21":{"start":{"line":22,"column":0},"end":{"line":22,"column":12}},"22":{"start":{"line":23,"column":0},"end":{"line":23,"column":14}},"23":{"start":{"line":24,"column":0},"end":{"line":24,"column":4}},"24":{"start":{"line":25,"column":0},"end":{"line":25,"column":2}}},"s":{"0":1,"1":1,"2":1,"3":22,"4":22,"5":22,"6":22,"7":22,"8":22,"9":22,"10":22,"11":22,"12":22,"13":22,"14":22,"15":22,"16":22,"17":22,"18":22,"19":22,"20":22,"21":22,"22":22,"23":22,"24":22},"branchMap":{"0":{"type":"branch","line":3,"loc":{"start":{"line":3,"column":28},"end":{"line":25,"column":2}},"locations":[{"start":{"line":3,"column":28},"end":{"line":25,"column":2}}]},"1":{"type":"branch","line":14,"loc":{"start":{"line":14,"column":32},"end":{"line":14,"column":43}},"locations":[{"start":{"line":14,"column":32},"end":{"line":14,"column":43}}]},"2":{"type":"branch","line":14,"loc":{"start":{"line":14,"column":44},"end":{"line":14,"column":55}},"locations":[{"start":{"line":14,"column":44},"end":{"line":14,"column":55}}]}},"b":{"0":[22],"1":[3],"2":[19]},"fnMap":{"0":{"name":"SparklesIcon","decl":{"start":{"line":3,"column":28},"end":{"line":25,"column":2}},"loc":{"start":{"line":3,"column":28},"end":{"line":25,"column":2}},"line":3}},"f":{"0":22}}
,"/Users/jonnycheetham/Documents/projects/dc-extension-seo-meta-tags/src/components/GenerateButton/GenerateButton.tsx": {"path":"/Users/jonnycheetham/Documents/projects/dc-extension-seo-meta-tags/src/components/GenerateButton/GenerateButton.tsx","all":false,"statementMap":{"0":{"start":{"line":1,"column":0},"end":{"line":1,"column":52}},"1":{"start":{"line":2,"column":0},"end":{"line":2,"column":63}},"2":{"start":{"line":3,"column":0},"end":{"line":3,"column":48}},"3":{"start":{"line":4,"column":0},"end":{"line":4,"column":44}},"4":{"start":{"line":5,"column":0},"end":{"line":5,"column":42}},"5":{"start":{"line":6,"column":0},"end":{"line":6,"column":0}},"6":{"start":{"line":7,"column":0},"end":{"line":7,"column":32}},"7":{"start":{"line":8,"column":0},"end":{"line":8,"column":6}},"8":{"start":{"line":9,"column":0},"end":{"line":9,"column":18}},"9":{"start":{"line":10,"column":0},"end":{"line":10,"column":11}},"10":{"start":{"line":11,"column":0},"end":{"line":11,"column":10}},"11":{"start":{"line":12,"column":0},"end":{"line":12,"column":18}},"12":{"start":{"line":13,"column":0},"end":{"line":13,"column":29}},"13":{"start":{"line":14,"column":0},"end":{"line":14,"column":41}},"14":{"start":{"line":15,"column":0},"end":{"line":15,"column":7}},"15":{"start":{"line":16,"column":0},"end":{"line":16,"column":56}},"16":{"start":{"line":17,"column":0},"end":{"line":17,"column":0}},"17":{"start":{"line":18,"column":0},"end":{"line":18,"column":19}},"18":{"start":{"line":19,"column":0},"end":{"line":19,"column":74}},"19":{"start":{"line":20,"column":0},"end":{"line":20,"column":44}},"20":{"start":{"line":21,"column":0},"end":{"line":21,"column":0}},"21":{"start":{"line":22,"column":0},"end":{"line":22,"column":66}},"22":{"start":{"line":23,"column":0},"end":{"line":23,"column":60}},"23":{"start":{"line":24,"column":0},"end":{"line":24,"column":12}},"24":{"start":{"line":25,"column":0},"end":{"line":25,"column":0}},"25":{"start":{"line":26,"column":0},"end":{"line":26,"column":35}},"26":{"start":{"line":27,"column":0},"end":{"line":27,"column":43}},"27":{"start":{"line":28,"column":0},"end":{"line":28,"column":0}},"28":{"start":{"line":29,"column":0},"end":{"line":29,"column":16}},"29":{"start":{"line":30,"column":0},"end":{"line":30,"column":29}},"30":{"start":{"line":31,"column":0},"end":{"line":31,"column":5}},"31":{"start":{"line":32,"column":0},"end":{"line":32,"column":4}},"32":{"start":{"line":33,"column":0},"end":{"line":33,"column":0}},"33":{"start":{"line":34,"column":0},"end":{"line":34,"column":10}},"34":{"start":{"line":35,"column":0},"end":{"line":35,"column":11}},"35":{"start":{"line":36,"column":0},"end":{"line":36,"column":27}},"36":{"start":{"line":37,"column":0},"end":{"line":37,"column":24}},"37":{"start":{"line":38,"column":0},"end":{"line":38,"column":41}},"38":{"start":{"line":39,"column":0},"end":{"line":39,"column":16}},"39":{"start":{"line":40,"column":0},"end":{"line":40,"column":5}},"40":{"start":{"line":41,"column":0},"end":{"line":41,"column":14}},"41":{"start":{"line":42,"column":0},"end":{"line":42,"column":13}},"42":{"start":{"line":43,"column":0},"end":{"line":43,"column":4}},"43":{"start":{"line":44,"column":0},"end":{"line":44,"column":2}}},"s":{"0":1,"1":1,"2":1,"3":1,"4":1,"5":1,"6":1,"7":34,"8":34,"9":34,"10":34,"11":34,"12":34,"13":34,"14":34,"15":34,"16":34,"17":34,"18":13,"19":13,"20":13,"21":13,"22":13,"23":34,"24":34,"25":34,"26":3,"27":3,"28":3,"29":2,"30":2,"31":34,"32":34,"33":34,"34":34,"35":34,"36":34,"37":34,"38":34,"39":34,"40":34,"41":34,"42":34,"43":34},"branchMap":{"0":{"type":"branch","line":7,"loc":{"start":{"line":7,"column":30},"end":{"line":44,"column":2}},"locations":[{"start":{"line":7,"column":30},"end":{"line":44,"column":2}}]},"1":{"type":"branch","line":38,"loc":{"start":{"line":38,"column":24},"end":{"line":38,"column":40}},"locations":[{"start":{"line":38,"column":24},"end":{"line":38,"column":40}}]},"2":{"type":"branch","line":18,"loc":{"start":{"line":18,"column":12},"end":{"line":24,"column":3}},"locations":[{"start":{"line":18,"column":12},"end":{"line":24,"column":3}}]},"3":{"type":"branch","line":19,"loc":{"start":{"line":19,"column":40},"end":{"line":20,"column":43}},"locations":[{"start":{"line":19,"column":40},"end":{"line":20,"column":43}}]},"4":{"type":"branch","line":26,"loc":{"start":{"line":26,"column":22},"end":{"line":32,"column":3}},"locations":[{"start":{"line":26,"column":22},"end":{"line":32,"column":3}}]},"5":{"type":"branch","line":29,"loc":{"start":{"line":29,"column":15},"end":{"line":31,"column":5}},"locations":[{"start":{"line":29,"column":15},"end":{"line":31,"column":5}}]}},"b":{"0":[34],"1":[30],"2":[13],"3":[14],"4":[3],"5":[2]},"fnMap":{"0":{"name":"GenerateButton","decl":{"start":{"line":7,"column":30},"end":{"line":44,"column":2}},"loc":{"start":{"line":7,"column":30},"end":{"line":44,"column":2}},"line":7},"1":{"name":"enableButtonIfContentInForm","decl":{"start":{"line":19,"column":40},"end":{"line":20,"column":43}},"loc":{"start":{"line":19,"column":40},"end":{"line":20,"column":43}},"line":19},"2":{"name":"handleClick","decl":{"start":{"line":26,"column":22},"end":{"line":32,"column":3}},"loc":{"start":{"line":26,"column":22},"end":{"line":32,"column":3}},"line":26}},"f":{"0":34,"1":14,"2":3}}
,"/Users/jonnycheetham/Documents/projects/dc-extension-seo-meta-tags/src/components/GenerateButton/generateValue.ts": {"path":"/Users/jonnycheetham/Documents/projects/dc-extension-seo-meta-tags/src/components/GenerateButton/generateValue.ts","all":false,"statementMap":{"0":{"start":{"line":1,"column":0},"end":{"line":1,"column":63}},"1":{"start":{"line":2,"column":0},"end":{"line":2,"column":50}},"2":{"start":{"line":3,"column":0},"end":{"line":3,"column":36}},"3":{"start":{"line":4,"column":0},"end":{"line":4,"column":0}},"4":{"start":{"line":5,"column":0},"end":{"line":5,"column":36}},"5":{"start":{"line":6,"column":0},"end":{"line":6,"column":28}},"6":{"start":{"line":7,"column":0},"end":{"line":7,"column":30}},"7":{"start":{"line":8,"column":0},"end":{"line":8,"column":34}},"8":{"start":{"line":9,"column":0},"end":{"line":9,"column":0}},"9":{"start":{"line":10,"column":0},"end":{"line":10,"column":28}},"10":{"start":{"line":11,"column":0},"end":{"line":11,"column":16}},"11":{"start":{"line":12,"column":0},"end":{"line":12,"column":3}},"12":{"start":{"line":13,"column":0},"end":{"line":13,"column":0}},"13":{"start":{"line":14,"column":0},"end":{"line":14,"column":39}},"14":{"start":{"line":15,"column":0},"end":{"line":15,"column":33}},"15":{"start":{"line":16,"column":0},"end":{"line":16,"column":35}},"16":{"start":{"line":17,"column":0},"end":{"line":17,"column":0}},"17":{"start":{"line":18,"column":0},"end":{"line":18,"column":14}},"18":{"start":{"line":19,"column":0},"end":{"line":19,"column":2}}},"s":{"0":1,"1":1,"2":1,"3":1,"4":1,"5":6,"6":6,"7":6,"8":6,"9":6,"10":1,"11":1,"12":5,"13":5,"14":5,"15":5,"16":5,"17":5,"18":5},"branchMap":{"0":{"type":"branch","line":5,"loc":{"start":{"line":5,"column":29},"end":{"line":19,"column":2}},"locations":[{"start":{"line":5,"column":29},"end":{"line":19,"column":2}}]},"1":{"type":"branch","line":10,"loc":{"start":{"line":10,"column":27},"end":{"line":12,"column":3}},"locations":[{"start":{"line":10,"column":27},"end":{"line":12,"column":3}}]},"2":{"type":"branch","line":13,"loc":{"start":{"line":13,"column":-1},"end":{"line":19,"column":2}},"locations":[{"start":{"line":13,"column":-1},"end":{"line":19,"column":2}}]},"3":{"type":"branch","line":16,"loc":{"start":{"line":16,"column":11},"end":{"line":16,"column":33}},"locations":[{"start":{"line":16,"column":11},"end":{"line":16,"column":33}}]}},"b":{"0":[6],"1":[1],"2":[5],"3":[2]},"fnMap":{"0":{"name":"generateValue","decl":{"start":{"line":5,"column":29},"end":{"line":19,"column":2}},"loc":{"start":{"line":5,"column":29},"end":{"line":19,"column":2}},"line":5}},"f":{"0":6}}
,"/Users/jonnycheetham/Documents/projects/dc-extension-seo-meta-tags/src/components/GenerateButton/getText.ts": {"path":"/Users/jonnycheetham/Documents/projects/dc-extension-seo-meta-tags/src/components/GenerateButton/getText.ts","all":false,"statementMap":{"0":{"start":{"line":1,"column":0},"end":{"line":1,"column":35}},"1":{"start":{"line":2,"column":0},"end":{"line":2,"column":38}},"2":{"start":{"line":3,"column":0},"end":{"line":3,"column":63}},"3":{"start":{"line":4,"column":0},"end":{"line":4,"column":0}},"4":{"start":{"line":5,"column":0},"end":{"line":5,"column":62}},"5":{"start":{"line":6,"column":0},"end":{"line":6,"column":37}},"6":{"start":{"line":7,"column":0},"end":{"line":7,"column":59}},"7":{"start":{"line":8,"column":0},"end":{"line":8,"column":0}},"8":{"start":{"line":9,"column":0},"end":{"line":9,"column":16}},"9":{"start":{"line":10,"column":0},"end":{"line":10,"column":22}},"10":{"start":{"line":11,"column":0},"end":{"line":11,"column":11}},"11":{"start":{"line":12,"column":0},"end":{"line":12,"column":41}},"12":{"start":{"line":13,"column":0},"end":{"line":13,"column":19}},"13":{"start":{"line":14,"column":0},"end":{"line":14,"column":18}},"14":{"start":{"line":15,"column":0},"end":{"line":15,"column":7}},"15":{"start":{"line":16,"column":0},"end":{"line":16,"column":6}},"16":{"start":{"line":17,"column":0},"end":{"line":17,"column":16}},"17":{"start":{"line":18,"column":0},"end":{"line":18,"column":2}}},"s":{"0":1,"1":1,"2":1,"3":1,"4":1,"5":9,"6":9,"7":9,"8":9,"9":9,"10":11,"11":11,"12":11,"13":3,"14":3,"15":9,"16":9,"17":9},"branchMap":{"0":{"type":"branch","line":5,"loc":{"start":{"line":5,"column":23},"end":{"line":18,"column":2}},"locations":[{"start":{"line":5,"column":23},"end":{"line":18,"column":2}}]},"1":{"type":"branch","line":7,"loc":{"start":{"line":7,"column":47},"end":{"line":7,"column":57}},"locations":[{"start":{"line":7,"column":47},"end":{"line":7,"column":57}}]},"2":{"type":"branch","line":10,"loc":{"start":{"line":10,"column":9},"end":{"line":16,"column":5}},"locations":[{"start":{"line":10,"column":9},"end":{"line":16,"column":5}}]},"3":{"type":"branch","line":13,"loc":{"start":{"line":13,"column":8},"end":{"line":15,"column":7}},"locations":[{"start":{"line":13,"column":8},"end":{"line":15,"column":7}}]}},"b":{"0":[9],"1":[1],"2":[11],"3":[3]},"fnMap":{"0":{"name":"getText","decl":{"start":{"line":5,"column":23},"end":{"line":18,"column":2}},"loc":{"start":{"line":5,"column":23},"end":{"line":18,"column":2}},"line":5}},"f":{"0":9}}
,"/Users/jonnycheetham/Documents/projects/dc-extension-seo-meta-tags/src/components/GenerateButton/hasContent.ts": {"path":"/Users/jonnycheetham/Documents/projects/dc-extension-seo-meta-tags/src/components/GenerateButton/hasContent.ts","all":false,"statementMap":{"0":{"start":{"line":1,"column":0},"end":{"line":1,"column":63}},"1":{"start":{"line":2,"column":0},"end":{"line":2,"column":35}},"2":{"start":{"line":3,"column":0},"end":{"line":3,"column":38}},"3":{"start":{"line":4,"column":0},"end":{"line":4,"column":0}},"4":{"start":{"line":5,"column":0},"end":{"line":5,"column":27}},"5":{"start":{"line":6,"column":0},"end":{"line":6,"column":29}},"6":{"start":{"line":7,"column":0},"end":{"line":7,"column":31}},"7":{"start":{"line":8,"column":0},"end":{"line":8,"column":6}},"8":{"start":{"line":9,"column":0},"end":{"line":9,"column":37}},"9":{"start":{"line":10,"column":0},"end":{"line":10,"column":0}},"10":{"start":{"line":11,"column":0},"end":{"line":11,"column":61}},"11":{"start":{"line":12,"column":0},"end":{"line":12,"column":2}}},"s":{"0":1,"1":1,"2":1,"3":1,"4":1,"5":16,"6":16,"7":16,"8":16,"9":16,"10":16,"11":16},"branchMap":{"0":{"type":"branch","line":5,"loc":{"start":{"line":5,"column":26},"end":{"line":12,"column":2}},"locations":[{"start":{"line":5,"column":26},"end":{"line":12,"column":2}}]},"1":{"type":"branch","line":11,"loc":{"start":{"line":11,"column":22},"end":{"line":11,"column":59}},"locations":[{"start":{"line":11,"column":22},"end":{"line":11,"column":59}}]}},"b":{"0":[16],"1":[18]},"fnMap":{"0":{"name":"hasContent","decl":{"start":{"line":5,"column":26},"end":{"line":12,"column":2}},"loc":{"start":{"line":5,"column":26},"end":{"line":12,"column":2}},"line":5}},"f":{"0":16}}
,"/Users/jonnycheetham/Documents/projects/dc-extension-seo-meta-tags/src/components/seoMetaTags/SeoMetaTags.tsx": {"path":"/Users/jonnycheetham/Documents/projects/dc-extension-seo-meta-tags/src/components/seoMetaTags/SeoMetaTags.tsx","all":false,"statementMap":{"0":{"start":{"line":1,"column":0},"end":{"line":1,"column":56}},"1":{"start":{"line":2,"column":0},"end":{"line":2,"column":73}},"2":{"start":{"line":3,"column":0},"end":{"line":3,"column":47}},"3":{"start":{"line":4,"column":0},"end":{"line":4,"column":84}},"4":{"start":{"line":5,"column":0},"end":{"line":5,"column":66}},"5":{"start":{"line":6,"column":0},"end":{"line":6,"column":58}},"6":{"start":{"line":7,"column":0},"end":{"line":7,"column":38}},"7":{"start":{"line":8,"column":0},"end":{"line":8,"column":50}},"8":{"start":{"line":9,"column":0},"end":{"line":9,"column":55}},"9":{"start":{"line":10,"column":0},"end":{"line":10,"column":0}},"10":{"start":{"line":11,"column":0},"end":{"line":11,"column":34}},"11":{"start":{"line":12,"column":0},"end":{"line":12,"column":63}},"12":{"start":{"line":13,"column":0},"end":{"line":13,"column":31}},"13":{"start":{"line":14,"column":0},"end":{"line":14,"column":4}},"14":{"start":{"line":15,"column":0},"end":{"line":15,"column":55}},"15":{"start":{"line":16,"column":0},"end":{"line":16,"column":51}},"16":{"start":{"line":17,"column":0},"end":{"line":17,"column":52}},"17":{"start":{"line":18,"column":0},"end":{"line":18,"column":30}},"18":{"start":{"line":19,"column":0},"end":{"line":19,"column":42}},"19":{"start":{"line":20,"column":0},"end":{"line":20,"column":0}},"20":{"start":{"line":21,"column":0},"end":{"line":21,"column":19}},"21":{"start":{"line":22,"column":0},"end":{"line":22,"column":78}},"22":{"start":{"line":23,"column":0},"end":{"line":23,"column":25}},"23":{"start":{"line":24,"column":0},"end":{"line":24,"column":27}},"24":{"start":{"line":25,"column":0},"end":{"line":25,"column":7}},"25":{"start":{"line":26,"column":0},"end":{"line":26,"column":43}},"26":{"start":{"line":27,"column":0},"end":{"line":27,"column":12}},"27":{"start":{"line":28,"column":0},"end":{"line":28,"column":0}},"28":{"start":{"line":29,"column":0},"end":{"line":29,"column":19}},"29":{"start":{"line":30,"column":0},"end":{"line":30,"column":50}},"30":{"start":{"line":31,"column":0},"end":{"line":31,"column":0}},"31":{"start":{"line":32,"column":0},"end":{"line":32,"column":20}},"32":{"start":{"line":33,"column":0},"end":{"line":33,"column":13}},"33":{"start":{"line":34,"column":0},"end":{"line":34,"column":5}},"34":{"start":{"line":35,"column":0},"end":{"line":35,"column":35}},"35":{"start":{"line":36,"column":0},"end":{"line":36,"column":38}},"36":{"start":{"line":37,"column":0},"end":{"line":37,"column":0}},"37":{"start":{"line":38,"column":0},"end":{"line":38,"column":10}},"38":{"start":{"line":39,"column":0},"end":{"line":39,"column":37}},"39":{"start":{"line":40,"column":0},"end":{"line":40,"column":47}},"40":{"start":{"line":41,"column":0},"end":{"line":41,"column":29}},"41":{"start":{"line":42,"column":0},"end":{"line":42,"column":48}},"42":{"start":{"line":43,"column":0},"end":{"line":43,"column":15}},"43":{"start":{"line":44,"column":0},"end":{"line":44,"column":63}},"44":{"start":{"line":45,"column":0},"end":{"line":45,"column":60}},"45":{"start":{"line":46,"column":0},"end":{"line":46,"column":26}},"46":{"start":{"line":47,"column":0},"end":{"line":47,"column":40}},"47":{"start":{"line":48,"column":0},"end":{"line":48,"column":80}},"48":{"start":{"line":49,"column":0},"end":{"line":49,"column":25}},"49":{"start":{"line":50,"column":0},"end":{"line":50,"column":29}},"50":{"start":{"line":51,"column":0},"end":{"line":51,"column":53}},"51":{"start":{"line":52,"column":0},"end":{"line":52,"column":75}},"52":{"start":{"line":53,"column":0},"end":{"line":53,"column":23}},"53":{"start":{"line":54,"column":0},"end":{"line":54,"column":96}},"54":{"start":{"line":55,"column":0},"end":{"line":55,"column":35}},"55":{"start":{"line":56,"column":0},"end":{"line":56,"column":36}},"56":{"start":{"line":57,"column":0},"end":{"line":57,"column":34}},"57":{"start":{"line":58,"column":0},"end":{"line":58,"column":19}},"58":{"start":{"line":59,"column":0},"end":{"line":59,"column":42}},"59":{"start":{"line":60,"column":0},"end":{"line":60,"column":25}},"60":{"start":{"line":61,"column":0},"end":{"line":61,"column":24}},"61":{"start":{"line":62,"column":0},"end":{"line":62,"column":22}},"62":{"start":{"line":63,"column":0},"end":{"line":63,"column":19}},"63":{"start":{"line":64,"column":0},"end":{"line":64,"column":33}},"64":{"start":{"line":65,"column":0},"end":{"line":65,"column":29}},"65":{"start":{"line":66,"column":0},"end":{"line":66,"column":37}},"66":{"start":{"line":67,"column":0},"end":{"line":67,"column":25}},"67":{"start":{"line":68,"column":0},"end":{"line":68,"column":47}},"68":{"start":{"line":69,"column":0},"end":{"line":69,"column":32}},"69":{"start":{"line":70,"column":0},"end":{"line":70,"column":19}},"70":{"start":{"line":71,"column":0},"end":{"line":71,"column":17}},"71":{"start":{"line":72,"column":0},"end":{"line":72,"column":24}},"72":{"start":{"line":73,"column":0},"end":{"line":73,"column":22}},"73":{"start":{"line":74,"column":0},"end":{"line":74,"column":23}},"74":{"start":{"line":75,"column":0},"end":{"line":75,"column":49}},"75":{"start":{"line":76,"column":0},"end":{"line":76,"column":32}},"76":{"start":{"line":77,"column":0},"end":{"line":77,"column":32}},"77":{"start":{"line":78,"column":0},"end":{"line":78,"column":14}},"78":{"start":{"line":79,"column":0},"end":{"line":79,"column":17}},"79":{"start":{"line":80,"column":0},"end":{"line":80,"column":15}},"80":{"start":{"line":81,"column":0},"end":{"line":81,"column":13}},"81":{"start":{"line":82,"column":0},"end":{"line":82,"column":10}},"82":{"start":{"line":83,"column":0},"end":{"line":83,"column":4}},"83":{"start":{"line":84,"column":0},"end":{"line":84,"column":2}}},"s":{"0":1,"1":1,"2":1,"3":1,"4":1,"5":1,"6":1,"7":1,"8":1,"9":1,"10":1,"11":21,"12":21,"13":21,"14":21,"15":21,"16":21,"17":21,"18":21,"19":21,"20":21,"21":7,"22":7,"23":7,"24":7,"25":7,"26":21,"27":21,"28":21,"29":18,"30":18,"31":18,"32":8,"33":8,"34":10,"35":21,"36":21,"37":21,"38":21,"39":21,"40":21,"41":21,"42":21,"43":21,"44":21,"45":21,"46":21,"47":21,"48":21,"49":21,"50":21,"51":21,"52":21,"53":21,"54":21,"55":21,"56":21,"57":21,"58":21,"59":21,"60":21,"61":21,"62":21,"63":21,"64":21,"65":21,"66":21,"67":21,"68":21,"69":21,"70":21,"71":21,"72":21,"73":21,"74":21,"75":21,"76":21,"77":21,"78":21,"79":21,"80":21,"81":21,"82":21,"83":21},"branchMap":{"0":{"type":"branch","line":11,"loc":{"start":{"line":11,"column":27},"end":{"line":84,"column":2}},"locations":[{"start":{"line":11,"column":27},"end":{"line":84,"column":2}}]},"1":{"type":"branch","line":48,"loc":{"start":{"line":48,"column":62},"end":{"line":48,"column":73}},"locations":[{"start":{"line":48,"column":62},"end":{"line":48,"column":73}}]},"2":{"type":"branch","line":48,"loc":{"start":{"line":48,"column":74},"end":{"line":48,"column":78}},"locations":[{"start":{"line":48,"column":74},"end":{"line":48,"column":78}}]},"3":{"type":"branch","line":21,"loc":{"start":{"line":21,"column":12},"end":{"line":27,"column":3}},"locations":[{"start":{"line":21,"column":12},"end":{"line":27,"column":3}}]},"4":{"type":"branch","line":22,"loc":{"start":{"line":22,"column":63},"end":{"line":25,"column":5}},"locations":[{"start":{"line":22,"column":63},"end":{"line":25,"column":5}}]},"5":{"type":"branch","line":29,"loc":{"start":{"line":29,"column":12},"end":{"line":36,"column":3}},"locations":[{"start":{"line":29,"column":12},"end":{"line":36,"column":3}}]},"6":{"type":"branch","line":32,"loc":{"start":{"line":32,"column":19},"end":{"line":34,"column":5}},"locations":[{"start":{"line":32,"column":19},"end":{"line":34,"column":5}}]},"7":{"type":"branch","line":35,"loc":{"start":{"line":35,"column":-1},"end":{"line":36,"column":3}},"locations":[{"start":{"line":35,"column":-1},"end":{"line":36,"column":3}}]}},"b":{"0":[21],"1":[2],"2":[19],"3":[7],"4":[7],"5":[18],"6":[8],"7":[10]},"fnMap":{"0":{"name":"SeoMetaTags","decl":{"start":{"line":11,"column":27},"end":{"line":84,"column":2}},"loc":{"start":{"line":11,"column":27},"end":{"line":84,"column":2}},"line":11}},"f":{"0":21}}
,"/Users/jonnycheetham/Documents/projects/dc-extension-seo-meta-tags/src/components/seoMetaTags/getDescription.ts": {"path":"/Users/jonnycheetham/Documents/projects/dc-extension-seo-meta-tags/src/components/seoMetaTags/getDescription.ts","all":false,"statementMap":{"0":{"start":{"line":1,"column":0},"end":{"line":1,"column":58}},"1":{"start":{"line":2,"column":0},"end":{"line":2,"column":52}},"2":{"start":{"line":3,"column":0},"end":{"line":3,"column":0}},"3":{"start":{"line":4,"column":0},"end":{"line":4,"column":63}},"4":{"start":{"line":5,"column":0},"end":{"line":5,"column":34}},"5":{"start":{"line":6,"column":0},"end":{"line":6,"column":0}},"6":{"start":{"line":7,"column":0},"end":{"line":7,"column":79}},"7":{"start":{"line":8,"column":0},"end":{"line":8,"column":2}}},"s":{"0":1,"1":1,"2":1,"3":1,"4":23,"5":23,"6":23,"7":23},"branchMap":{"0":{"type":"branch","line":4,"loc":{"start":{"line":4,"column":30},"end":{"line":8,"column":2}},"locations":[{"start":{"line":4,"column":30},"end":{"line":8,"column":2}}]}},"b":{"0":[23]},"fnMap":{"0":{"name":"getDescription","decl":{"start":{"line":4,"column":30},"end":{"line":8,"column":2}},"loc":{"start":{"line":4,"column":30},"end":{"line":8,"column":2}},"line":4}},"f":{"0":23}}
,"/Users/jonnycheetham/Documents/projects/dc-extension-seo-meta-tags/src/components/seoMetaTags/getTitle.ts": {"path":"/Users/jonnycheetham/Documents/projects/dc-extension-seo-meta-tags/src/components/seoMetaTags/getTitle.ts","all":false,"statementMap":{"0":{"start":{"line":1,"column":0},"end":{"line":1,"column":58}},"1":{"start":{"line":2,"column":0},"end":{"line":2,"column":52}},"2":{"start":{"line":3,"column":0},"end":{"line":3,"column":43}},"3":{"start":{"line":4,"column":0},"end":{"line":4,"column":0}},"4":{"start":{"line":5,"column":0},"end":{"line":5,"column":57}},"5":{"start":{"line":6,"column":0},"end":{"line":6,"column":34}},"6":{"start":{"line":7,"column":0},"end":{"line":7,"column":0}},"7":{"start":{"line":8,"column":0},"end":{"line":8,"column":52}},"8":{"start":{"line":9,"column":0},"end":{"line":9,"column":2}}},"s":{"0":1,"1":1,"2":1,"3":1,"4":1,"5":23,"6":23,"7":23,"8":23},"branchMap":{"0":{"type":"branch","line":5,"loc":{"start":{"line":5,"column":24},"end":{"line":9,"column":2}},"locations":[{"start":{"line":5,"column":24},"end":{"line":9,"column":2}}]},"1":{"type":"branch","line":8,"loc":{"start":{"line":8,"column":31},"end":{"line":8,"column":51}},"locations":[{"start":{"line":8,"column":31},"end":{"line":8,"column":51}}]}},"b":{"0":[23],"1":[1]},"fnMap":{"0":{"name":"getTitle","decl":{"start":{"line":5,"column":24},"end":{"line":9,"column":2}},"loc":{"start":{"line":5,"column":24},"end":{"line":9,"column":2}},"line":5}},"f":{"0":23}}
,"/Users/jonnycheetham/Documents/projects/dc-extension-seo-meta-tags/src/hooks/useContentFieldExtension.ts": {"path":"/Users/jonnycheetham/Documents/projects/dc-extension-seo-meta-tags/src/hooks/useContentFieldExtension.ts","all":false,"statementMap":{"0":{"start":{"line":1,"column":0},"end":{"line":1,"column":58}},"1":{"start":{"line":2,"column":0},"end":{"line":2,"column":38}},"2":{"start":{"line":3,"column":0},"end":{"line":3,"column":0}},"3":{"start":{"line":4,"column":0},"end":{"line":4,"column":44}},"4":{"start":{"line":5,"column":0},"end":{"line":5,"column":36}},"5":{"start":{"line":6,"column":0},"end":{"line":6,"column":2}},"6":{"start":{"line":7,"column":0},"end":{"line":7,"column":0}},"7":{"start":{"line":8,"column":0},"end":{"line":8,"column":43}},"8":{"start":{"line":9,"column":0},"end":{"line":9,"column":61}}},"s":{"0":1,"1":1,"2":1,"3":1,"4":1,"5":1,"6":1,"7":1,"8":1},"branchMap":{},"b":{},"fnMap":{},"f":{}}
,"/Users/jonnycheetham/Documents/projects/dc-extension-seo-meta-tags/src/hooks/withContentFieldExtension.tsx": {"path":"/Users/jonnycheetham/Documents/projects/dc-extension-seo-meta-tags/src/hooks/withContentFieldExtension.tsx","all":false,"statementMap":{"0":{"start":{"line":1,"column":0},"end":{"line":1,"column":64}},"1":{"start":{"line":2,"column":0},"end":{"line":2,"column":58}},"2":{"start":{"line":3,"column":0},"end":{"line":3,"column":74}},"3":{"start":{"line":4,"column":0},"end":{"line":4,"column":0}},"4":{"start":{"line":5,"column":0},"end":{"line":5,"column":43}},"5":{"start":{"line":6,"column":0},"end":{"line":6,"column":11}},"6":{"start":{"line":7,"column":0},"end":{"line":7,"column":4}},"7":{"start":{"line":8,"column":0},"end":{"line":8,"column":25}},"8":{"start":{"line":9,"column":0},"end":{"line":9,"column":7}},"9":{"start":{"line":10,"column":0},"end":{"line":10,"column":58}},"10":{"start":{"line":11,"column":0},"end":{"line":11,"column":0}},"11":{"start":{"line":12,"column":0},"end":{"line":12,"column":19}},"12":{"start":{"line":13,"column":0},"end":{"line":13,"column":33}},"13":{"start":{"line":14,"column":0},"end":{"line":14,"column":22}},"14":{"start":{"line":15,"column":0},"end":{"line":15,"column":20}},"15":{"start":{"line":16,"column":0},"end":{"line":16,"column":37}},"16":{"start":{"line":17,"column":0},"end":{"line":17,"column":8}},"17":{"start":{"line":18,"column":0},"end":{"line":18,"column":21}},"18":{"start":{"line":19,"column":0},"end":{"line":19,"column":53}},"19":{"start":{"line":20,"column":0},"end":{"line":20,"column":9}},"20":{"start":{"line":21,"column":0},"end":{"line":21,"column":9}},"21":{"start":{"line":22,"column":0},"end":{"line":22,"column":0}},"22":{"start":{"line":23,"column":0},"end":{"line":23,"column":10}},"23":{"start":{"line":24,"column":0},"end":{"line":24,"column":12}},"24":{"start":{"line":25,"column":0},"end":{"line":25,"column":61}},"25":{"start":{"line":26,"column":0},"end":{"line":26,"column":18}},"26":{"start":{"line":27,"column":0},"end":{"line":27,"column":46}},"27":{"start":{"line":28,"column":0},"end":{"line":28,"column":5}},"28":{"start":{"line":29,"column":0},"end":{"line":29,"column":4}},"29":{"start":{"line":30,"column":0},"end":{"line":30,"column":2}}},"s":{"0":1,"1":1,"2":1,"3":1,"4":1,"5":14,"6":14,"7":14,"8":14,"9":14,"10":14,"11":14,"12":7,"13":7,"14":7,"15":7,"16":7,"17":7,"18":0,"19":7,"20":14,"21":14,"22":14,"23":14,"24":7,"25":7,"26":7,"27":14,"28":14,"29":14},"branchMap":{"0":{"type":"branch","line":5,"loc":{"start":{"line":5,"column":41},"end":{"line":30,"column":2}},"locations":[{"start":{"line":5,"column":41},"end":{"line":30,"column":2}}]},"1":{"type":"branch","line":24,"loc":{"start":{"line":24,"column":7},"end":{"line":27,"column":46}},"locations":[{"start":{"line":24,"column":7},"end":{"line":27,"column":46}}]},"2":{"type":"branch","line":12,"loc":{"start":{"line":12,"column":12},"end":{"line":21,"column":3}},"locations":[{"start":{"line":12,"column":12},"end":{"line":21,"column":3}}]},"3":{"type":"branch","line":14,"loc":{"start":{"line":14,"column":12},"end":{"line":17,"column":7}},"locations":[{"start":{"line":14,"column":12},"end":{"line":17,"column":7}}]}},"b":{"0":[14],"1":[7],"2":[7],"3":[7]},"fnMap":{"0":{"name":"WithContentFieldExtension","decl":{"start":{"line":5,"column":41},"end":{"line":30,"column":2}},"loc":{"start":{"line":5,"column":41},"end":{"line":30,"column":2}},"line":5}},"f":{"0":14}}
,"/Users/jonnycheetham/Documents/projects/dc-extension-seo-meta-tags/src/lib/constants.ts": {"path":"/Users/jonnycheetham/Documents/projects/dc-extension-seo-meta-tags/src/lib/constants.ts","all":false,"statementMap":{"0":{"start":{"line":1,"column":0},"end":{"line":1,"column":23}},"1":{"start":{"line":2,"column":0},"end":{"line":2,"column":52}},"2":{"start":{"line":3,"column":0},"end":{"line":3,"column":2}}},"s":{"0":1,"1":1,"2":1},"branchMap":{},"b":{},"fnMap":{},"f":{}}
,"/Users/jonnycheetham/Documents/projects/dc-extension-seo-meta-tags/src/lib/index.ts": {"path":"/Users/jonnycheetham/Documents/projects/dc-extension-seo-meta-tags/src/lib/index.ts","all":false,"statementMap":{"0":{"start":{"line":1,"column":0},"end":{"line":1,"column":28}},"1":{"start":{"line":2,"column":0},"end":{"line":2,"column":25}},"2":{"start":{"line":3,"column":0},"end":{"line":3,"column":22}},"3":{"start":{"line":4,"column":0},"end":{"line":4,"column":25}}},"s":{"0":1,"1":1,"2":1,"3":1},"branchMap":{},"b":{},"fnMap":{},"f":{}}
,"/Users/jonnycheetham/Documents/projects/dc-extension-seo-meta-tags/src/lib/events/index.ts": {"path":"/Users/jonnycheetham/Documents/projects/dc-extension-seo-meta-tags/src/lib/events/index.ts","all":false,"statementMap":{"0":{"start":{"line":1,"column":0},"end":{"line":1,"column":40}}},"s":{"0":1},"branchMap":{"0":{"type":"branch","line":1,"loc":{"start":{"line":1,"column":9},"end":{"line":1,"column":40}},"locations":[{"start":{"line":1,"column":9},"end":{"line":1,"column":40}}]}},"b":{"0":[1]},"fnMap":{"0":{"name":"get","decl":{"start":{"line":1,"column":9},"end":{"line":1,"column":40}},"loc":{"start":{"line":1,"column":9},"end":{"line":1,"column":40}},"line":1}},"f":{"0":1}}
,"/Users/jonnycheetham/Documents/projects/dc-extension-seo-meta-tags/src/lib/events/withValue.ts": {"path":"/Users/jonnycheetham/Documents/projects/dc-extension-seo-meta-tags/src/lib/events/withValue.ts","all":false,"statementMap":{"0":{"start":{"line":1,"column":0},"end":{"line":1,"column":3}},"1":{"start":{"line":2,"column":0},"end":{"line":2,"column":50}},"2":{"start":{"line":3,"column":0},"end":{"line":3,"column":30}},"3":{"start":{"line":4,"column":0},"end":{"line":4,"column":11}},"4":{"start":{"line":5,"column":0},"end":{"line":5,"column":3}},"5":{"start":{"line":6,"column":0},"end":{"line":6,"column":24}},"6":{"start":{"line":7,"column":0},"end":{"line":7,"column":33}},"7":{"start":{"line":8,"column":0},"end":{"line":8,"column":56}},"8":{"start":{"line":9,"column":0},"end":{"line":9,"column":14}},"9":{"start":{"line":10,"column":0},"end":{"line":10,"column":4}}},"s":{"0":1,"1":1,"2":1,"3":1,"4":1,"5":1,"6":1,"7":22,"8":10,"9":10},"branchMap":{"0":{"type":"branch","line":7,"loc":{"start":{"line":7,"column":2},"end":{"line":10,"column":4}},"locations":[{"start":{"line":7,"column":2},"end":{"line":10,"column":4}}]},"1":{"type":"branch","line":8,"loc":{"start":{"line":8,"column":2},"end":{"line":10,"column":4}},"locations":[{"start":{"line":8,"column":2},"end":{"line":10,"column":4}}]}},"b":{"0":[22],"1":[10]},"fnMap":{"0":{"name":"withValue","decl":{"start":{"line":7,"column":2},"end":{"line":10,"column":4}},"loc":{"start":{"line":7,"column":2},"end":{"line":10,"column":4}},"line":7}},"f":{"0":22}}
,"/Users/jonnycheetham/Documents/projects/dc-extension-seo-meta-tags/src/lib/sdk/getParams.ts": {"path":"/Users/jonnycheetham/Documents/projects/dc-extension-seo-meta-tags/src/lib/sdk/getParams.ts","all":false,"statementMap":{"0":{"start":{"line":1,"column":0},"end":{"line":1,"column":58}},"1":{"start":{"line":2,"column":0},"end":{"line":2,"column":0}},"2":{"start":{"line":3,"column":0},"end":{"line":3,"column":15}},"3":{"start":{"line":4,"column":0},"end":{"line":4,"column":32}},"4":{"start":{"line":5,"column":0},"end":{"line":5,"column":20}},"5":{"start":{"line":6,"column":0},"end":{"line":6,"column":2}},"6":{"start":{"line":7,"column":0},"end":{"line":7,"column":0}},"7":{"start":{"line":8,"column":0},"end":{"line":8,"column":3}},"8":{"start":{"line":9,"column":0},"end":{"line":9,"column":81}},"9":{"start":{"line":10,"column":0},"end":{"line":10,"column":36}},"10":{"start":{"line":11,"column":0},"end":{"line":11,"column":11}},"11":{"start":{"line":12,"column":0},"end":{"line":12,"column":3}},"12":{"start":{"line":13,"column":0},"end":{"line":13,"column":64}},"13":{"start":{"line":14,"column":0},"end":{"line":14,"column":4}},"14":{"start":{"line":15,"column":0},"end":{"line":15,"column":31}},"15":{"start":{"line":16,"column":0},"end":{"line":16,"column":27}},"16":{"start":{"line":17,"column":0},"end":{"line":17,"column":15}}},"s":{"0":1,"1":1,"2":1,"3":1,"4":1,"5":1,"6":1,"7":1,"8":1,"9":1,"10":1,"11":1,"12":1,"13":73,"14":73,"15":73,"16":73},"branchMap":{"0":{"type":"branch","line":13,"loc":{"start":{"line":13,"column":25},"end":{"line":17,"column":15}},"locations":[{"start":{"line":13,"column":25},"end":{"line":17,"column":15}}]}},"b":{"0":[73]},"fnMap":{"0":{"name":"getParams","decl":{"start":{"line":13,"column":25},"end":{"line":17,"column":15}},"loc":{"start":{"line":13,"column":25},"end":{"line":17,"column":15}},"line":13}},"f":{"0":73}}
,"/Users/jonnycheetham/Documents/projects/dc-extension-seo-meta-tags/src/lib/sdk/index.ts": {"path":"/Users/jonnycheetham/Documents/projects/dc-extension-seo-meta-tags/src/lib/sdk/index.ts","all":false,"statementMap":{"0":{"start":{"line":1,"column":0},"end":{"line":1,"column":40}}},"s":{"0":1},"branchMap":{"0":{"type":"branch","line":1,"loc":{"start":{"line":1,"column":9},"end":{"line":1,"column":40}},"locations":[{"start":{"line":1,"column":9},"end":{"line":1,"column":40}}]}},"b":{"0":[27]},"fnMap":{"0":{"name":"get","decl":{"start":{"line":1,"column":9},"end":{"line":1,"column":40}},"loc":{"start":{"line":1,"column":9},"end":{"line":1,"column":40}},"line":1}},"f":{"0":27}}
,"/Users/jonnycheetham/Documents/projects/dc-extension-seo-meta-tags/src/lib/string/index.ts": {"path":"/Users/jonnycheetham/Documents/projects/dc-extension-seo-meta-tags/src/lib/string/index.ts","all":false,"statementMap":{"0":{"start":{"line":1,"column":0},"end":{"line":1,"column":48}}},"s":{"0":1},"branchMap":{"0":{"type":"branch","line":1,"loc":{"start":{"line":1,"column":9},"end":{"line":1,"column":48}},"locations":[{"start":{"line":1,"column":9},"end":{"line":1,"column":48}}]}},"b":{"0":[9]},"fnMap":{"0":{"name":"get","decl":{"start":{"line":1,"column":9},"end":{"line":1,"column":48}},"loc":{"start":{"line":1,"column":9},"end":{"line":1,"column":48}},"line":1}},"f":{"0":9}}
,"/Users/jonnycheetham/Documents/projects/dc-extension-seo-meta-tags/src/lib/string/isEmptyString.ts": {"path":"/Users/jonnycheetham/Documents/projects/dc-extension-seo-meta-tags/src/lib/string/isEmptyString.ts","all":false,"statementMap":{"0":{"start":{"line":1,"column":0},"end":{"line":1,"column":3}},"1":{"start":{"line":2,"column":0},"end":{"line":2,"column":44}},"2":{"start":{"line":3,"column":0},"end":{"line":3,"column":33}},"3":{"start":{"line":4,"column":0},"end":{"line":4,"column":11}},"4":{"start":{"line":5,"column":0},"end":{"line":5,"column":3}},"5":{"start":{"line":6,"column":0},"end":{"line":6,"column":69}}},"s":{"0":1,"1":1,"2":1,"3":1,"4":1,"5":1},"branchMap":{"0":{"type":"branch","line":6,"loc":{"start":{"line":6,"column":29},"end":{"line":6,"column":68}},"locations":[{"start":{"line":6,"column":29},"end":{"line":6,"column":68}}]}},"b":{"0":[9]},"fnMap":{"0":{"name":"isEmptyString","decl":{"start":{"line":6,"column":29},"end":{"line":6,"column":68}},"loc":{"start":{"line":6,"column":29},"end":{"line":6,"column":68}},"line":6}},"f":{"0":9}}
}
