TN:
SF:src/components/GenerateButton/generateValue.ts
FN:5,generateValue
FNF:1
FNH:1
FNDA:3,generateValue
DA:1,1
DA:2,1
DA:3,1
DA:4,1
DA:5,1
DA:6,3
DA:7,3
DA:8,3
DA:9,3
DA:10,3
DA:11,1
DA:12,1
DA:13,2
DA:14,2
DA:15,2
DA:16,2
DA:17,2
DA:18,2
DA:19,2
LF:19
LH:19
BRDA:5,0,0,3
BRDA:10,1,0,1
BRDA:13,2,0,2
BRDA:16,3,0,1
BRF:4
BRH:4
end_of_record
TN:
SF:src/components/GenerateButton/getText.ts
FN:5,getText
FNF:1
FNH:1
FNDA:6,getText
DA:1,1
DA:2,1
DA:3,1
DA:4,1
DA:5,1
DA:6,6
DA:7,6
DA:8,6
DA:9,6
DA:10,6
DA:11,8
DA:12,8
DA:13,8
DA:14,3
DA:15,3
DA:16,6
DA:17,6
DA:18,6
LF:18
LH:18
BRDA:5,0,0,6
BRDA:7,1,0,1
BRDA:10,2,0,8
BRDA:13,3,0,3
BRF:4
BRH:4
end_of_record
TN:
SF:src/components/GenerateButton/hasContent.ts
FN:5,hasContent
FNF:1
FNH:1
FNDA:2,hasContent
DA:1,1
DA:2,1
DA:3,1
DA:4,1
DA:5,1
DA:6,2
DA:7,2
DA:8,2
DA:9,2
DA:10,2
DA:11,2
DA:12,2
LF:12
LH:12
BRDA:5,0,0,2
BRDA:11,1,0,4
BRF:2
BRH:2
end_of_record
TN:
SF:src/components/seoMetaTags/getDescription.ts
FN:4,getDescription
FNF:1
FNH:1
FNDA:2,getDescription
DA:1,1
DA:2,1
DA:3,1
DA:4,1
DA:5,2
DA:6,2
DA:7,2
DA:8,2
LF:8
LH:8
BRDA:4,0,0,2
BRF:1
BRH:1
end_of_record
TN:
SF:src/components/seoMetaTags/getTitle.ts
FN:5,getTitle
FNF:1
FNH:1
FNDA:2,getTitle
DA:1,1
DA:2,1
DA:3,1
DA:4,1
DA:5,1
DA:6,2
DA:7,2
DA:8,2
DA:9,2
LF:9
LH:9
BRDA:5,0,0,2
BRDA:8,1,0,1
BRF:2
BRH:2
end_of_record
TN:
SF:src/lib/constants.ts
FNF:0
FNH:0
DA:1,1
DA:2,1
DA:3,1
LF:3
LH:3
BRF:0
BRH:0
end_of_record
TN:
SF:src/lib/index.ts
FNF:0
FNH:0
DA:1,1
DA:2,1
DA:3,1
DA:4,1
LF:4
LH:4
BRF:0
BRH:0
end_of_record
TN:
SF:src/lib/events/index.ts
FN:1,get
FNF:1
FNH:1
FNDA:1,get
DA:1,1
LF:1
LH:1
BRDA:1,0,0,1
BRF:1
BRH:1
end_of_record
TN:
SF:src/lib/events/withValue.ts
FN:7,withValue
FNF:1
FNH:1
FNDA:1,withValue
DA:1,1
DA:2,1
DA:3,1
DA:4,1
DA:5,1
DA:6,1
DA:7,1
DA:8,1
DA:9,1
DA:10,1
LF:10
LH:10
BRDA:7,0,0,1
BRDA:8,1,0,1
BRF:2
BRH:2
end_of_record
TN:
SF:src/lib/sdk/getParams.ts
FN:13,getParams
FNF:1
FNH:1
FNDA:14,getParams
DA:1,1
DA:2,1
DA:3,1
DA:4,1
DA:5,1
DA:6,1
DA:7,1
DA:8,1
DA:9,1
DA:10,1
DA:11,1
DA:12,1
DA:13,1
DA:14,14
DA:15,14
DA:16,14
DA:17,14
LF:17
LH:17
BRDA:13,0,0,14
BRF:1
BRH:1
end_of_record
TN:
SF:src/lib/sdk/index.ts
FN:1,get
FNF:1
FNH:1
FNDA:10,get
DA:1,1
LF:1
LH:1
BRDA:1,0,0,10
BRF:1
BRH:1
end_of_record
TN:
SF:src/lib/string/index.ts
FN:1,get
FNF:1
FNH:1
FNDA:6,get
DA:1,1
LF:1
LH:1
BRDA:1,0,0,6
BRF:1
BRH:1
end_of_record
TN:
SF:src/lib/string/isEmptyString.ts
FN:6,isEmptyString
FNF:1
FNH:1
FNDA:6,isEmptyString
DA:1,1
DA:2,1
DA:3,1
DA:4,1
DA:5,1
DA:6,1
LF:6
LH:6
BRDA:6,0,0,6
BRF:1
BRH:1
end_of_record
