TN:
SF:src/components/SparklesIcon.tsx
FN:3,SparklesIcon
FNF:1
FNH:1
FNDA:22,SparklesIcon
DA:1,1
DA:2,1
DA:3,1
DA:4,22
DA:5,22
DA:6,22
DA:7,22
DA:8,22
DA:9,22
DA:10,22
DA:11,22
DA:12,22
DA:13,22
DA:14,22
DA:15,22
DA:16,22
DA:17,22
DA:18,22
DA:19,22
DA:20,22
DA:21,22
DA:22,22
DA:23,22
DA:24,22
DA:25,22
LF:25
LH:25
BRDA:3,0,0,22
BRDA:14,1,0,3
BRDA:14,2,0,19
BRF:3
BRH:3
end_of_record
TN:
SF:src/components/GenerateButton/GenerateButton.tsx
FN:7,GenerateButton
FN:19,enableButtonIfContentInForm
FN:26,handleClick
FNF:3
FNH:3
FNDA:34,GenerateButton
FNDA:14,enableButtonIfContentInForm
FNDA:3,handleClick
DA:1,1
DA:2,1
DA:3,1
DA:4,1
DA:5,1
DA:6,1
DA:7,1
DA:8,34
DA:9,34
DA:10,34
DA:11,34
DA:12,34
DA:13,34
DA:14,34
DA:15,34
DA:16,34
DA:17,34
DA:18,34
DA:19,13
DA:20,13
DA:21,13
DA:22,13
DA:23,13
DA:24,34
DA:25,34
DA:26,34
DA:27,3
DA:28,3
DA:29,3
DA:30,2
DA:31,2
DA:32,34
DA:33,34
DA:34,34
DA:35,34
DA:36,34
DA:37,34
DA:38,34
DA:39,34
DA:40,34
DA:41,34
DA:42,34
DA:43,34
DA:44,34
LF:44
LH:44
BRDA:7,0,0,34
BRDA:38,1,0,30
BRDA:18,2,0,13
BRDA:19,3,0,14
BRDA:26,4,0,3
BRDA:29,5,0,2
BRF:6
BRH:6
end_of_record
TN:
SF:src/components/GenerateButton/generateValue.ts
FN:5,generateValue
FNF:1
FNH:1
FNDA:6,generateValue
DA:1,1
DA:2,1
DA:3,1
DA:4,1
DA:5,1
DA:6,6
DA:7,6
DA:8,6
DA:9,6
DA:10,6
DA:11,1
DA:12,1
DA:13,5
DA:14,5
DA:15,5
DA:16,5
DA:17,5
DA:18,5
DA:19,5
LF:19
LH:19
BRDA:5,0,0,6
BRDA:10,1,0,1
BRDA:13,2,0,5
BRDA:16,3,0,2
BRF:4
BRH:4
end_of_record
TN:
SF:src/components/GenerateButton/getText.ts
FN:5,getText
FNF:1
FNH:1
FNDA:9,getText
DA:1,1
DA:2,1
DA:3,1
DA:4,1
DA:5,1
DA:6,9
DA:7,9
DA:8,9
DA:9,9
DA:10,9
DA:11,11
DA:12,11
DA:13,11
DA:14,3
DA:15,3
DA:16,9
DA:17,9
DA:18,9
LF:18
LH:18
BRDA:5,0,0,9
BRDA:7,1,0,1
BRDA:10,2,0,11
BRDA:13,3,0,3
BRF:4
BRH:4
end_of_record
TN:
SF:src/components/GenerateButton/hasContent.ts
FN:5,hasContent
FNF:1
FNH:1
FNDA:16,hasContent
DA:1,1
DA:2,1
DA:3,1
DA:4,1
DA:5,1
DA:6,16
DA:7,16
DA:8,16
DA:9,16
DA:10,16
DA:11,16
DA:12,16
LF:12
LH:12
BRDA:5,0,0,16
BRDA:11,1,0,18
BRF:2
BRH:2
end_of_record
TN:
SF:src/components/seoMetaTags/SeoMetaTags.tsx
FN:11,SeoMetaTags
FNF:1
FNH:1
FNDA:21,SeoMetaTags
DA:1,1
DA:2,1
DA:3,1
DA:4,1
DA:5,1
DA:6,1
DA:7,1
DA:8,1
DA:9,1
DA:10,1
DA:11,1
DA:12,21
DA:13,21
DA:14,21
DA:15,21
DA:16,21
DA:17,21
DA:18,21
DA:19,21
DA:20,21
DA:21,21
DA:22,7
DA:23,7
DA:24,7
DA:25,7
DA:26,7
DA:27,21
DA:28,21
DA:29,21
DA:30,18
DA:31,18
DA:32,18
DA:33,8
DA:34,8
DA:35,10
DA:36,21
DA:37,21
DA:38,21
DA:39,21
DA:40,21
DA:41,21
DA:42,21
DA:43,21
DA:44,21
DA:45,21
DA:46,21
DA:47,21
DA:48,21
DA:49,21
DA:50,21
DA:51,21
DA:52,21
DA:53,21
DA:54,21
DA:55,21
DA:56,21
DA:57,21
DA:58,21
DA:59,21
DA:60,21
DA:61,21
DA:62,21
DA:63,21
DA:64,21
DA:65,21
DA:66,21
DA:67,21
DA:68,21
DA:69,21
DA:70,21
DA:71,21
DA:72,21
DA:73,21
DA:74,21
DA:75,21
DA:76,21
DA:77,21
DA:78,21
DA:79,21
DA:80,21
DA:81,21
DA:82,21
DA:83,21
DA:84,21
LF:84
LH:84
BRDA:11,0,0,21
BRDA:48,1,0,2
BRDA:48,2,0,19
BRDA:21,3,0,7
BRDA:22,4,0,7
BRDA:29,5,0,18
BRDA:32,6,0,8
BRDA:35,7,0,10
BRF:8
BRH:8
end_of_record
TN:
SF:src/components/seoMetaTags/getDescription.ts
FN:4,getDescription
FNF:1
FNH:1
FNDA:23,getDescription
DA:1,1
DA:2,1
DA:3,1
DA:4,1
DA:5,23
DA:6,23
DA:7,23
DA:8,23
LF:8
LH:8
BRDA:4,0,0,23
BRF:1
BRH:1
end_of_record
TN:
SF:src/components/seoMetaTags/getTitle.ts
FN:5,getTitle
FNF:1
FNH:1
FNDA:23,getTitle
DA:1,1
DA:2,1
DA:3,1
DA:4,1
DA:5,1
DA:6,23
DA:7,23
DA:8,23
DA:9,23
LF:9
LH:9
BRDA:5,0,0,23
BRDA:8,1,0,1
BRF:2
BRH:2
end_of_record
TN:
SF:src/hooks/useContentFieldExtension.ts
FNF:0
FNH:0
DA:1,1
DA:2,1
DA:3,1
DA:4,1
DA:5,1
DA:6,1
DA:7,1
DA:8,1
DA:9,1
LF:9
LH:9
BRF:0
BRH:0
end_of_record
TN:
SF:src/hooks/withContentFieldExtension.tsx
FN:5,WithContentFieldExtension
FNF:1
FNH:1
FNDA:14,WithContentFieldExtension
DA:1,1
DA:2,1
DA:3,1
DA:4,1
DA:5,1
DA:6,14
DA:7,14
DA:8,14
DA:9,14
DA:10,14
DA:11,14
DA:12,14
DA:13,7
DA:14,7
DA:15,7
DA:16,7
DA:17,7
DA:18,7
DA:19,0
DA:20,7
DA:21,14
DA:22,14
DA:23,14
DA:24,14
DA:25,7
DA:26,7
DA:27,7
DA:28,14
DA:29,14
DA:30,14
LF:30
LH:29
BRDA:5,0,0,14
BRDA:24,1,0,7
BRDA:12,2,0,7
BRDA:14,3,0,7
BRF:4
BRH:4
end_of_record
TN:
SF:src/lib/constants.ts
FNF:0
FNH:0
DA:1,1
DA:2,1
DA:3,1
LF:3
LH:3
BRF:0
BRH:0
end_of_record
TN:
SF:src/lib/index.ts
FNF:0
FNH:0
DA:1,1
DA:2,1
DA:3,1
DA:4,1
LF:4
LH:4
BRF:0
BRH:0
end_of_record
TN:
SF:src/lib/events/index.ts
FN:1,get
FNF:1
FNH:1
FNDA:1,get
DA:1,1
LF:1
LH:1
BRDA:1,0,0,1
BRF:1
BRH:1
end_of_record
TN:
SF:src/lib/events/withValue.ts
FN:7,withValue
FNF:1
FNH:1
FNDA:22,withValue
DA:1,1
DA:2,1
DA:3,1
DA:4,1
DA:5,1
DA:6,1
DA:7,1
DA:8,22
DA:9,10
DA:10,10
LF:10
LH:10
BRDA:7,0,0,22
BRDA:8,1,0,10
BRF:2
BRH:2
end_of_record
TN:
SF:src/lib/sdk/getParams.ts
FN:13,getParams
FNF:1
FNH:1
FNDA:73,getParams
DA:1,1
DA:2,1
DA:3,1
DA:4,1
DA:5,1
DA:6,1
DA:7,1
DA:8,1
DA:9,1
DA:10,1
DA:11,1
DA:12,1
DA:13,1
DA:14,73
DA:15,73
DA:16,73
DA:17,73
LF:17
LH:17
BRDA:13,0,0,73
BRF:1
BRH:1
end_of_record
TN:
SF:src/lib/sdk/index.ts
FN:1,get
FNF:1
FNH:1
FNDA:27,get
DA:1,1
LF:1
LH:1
BRDA:1,0,0,27
BRF:1
BRH:1
end_of_record
TN:
SF:src/lib/string/index.ts
FN:1,get
FNF:1
FNH:1
FNDA:9,get
DA:1,1
LF:1
LH:1
BRDA:1,0,0,9
BRF:1
BRH:1
end_of_record
TN:
SF:src/lib/string/isEmptyString.ts
FN:6,isEmptyString
FNF:1
FNH:1
FNDA:9,isEmptyString
DA:1,1
DA:2,1
DA:3,1
DA:4,1
DA:5,1
DA:6,1
LF:6
LH:6
BRDA:6,0,0,9
BRF:1
BRH:1
end_of_record
